<?xml version="1.0" encoding="UTF-8"?>
<!-- Generated by org.testng.reporters.JUnitXMLReporter -->
<testsuite ignored="0" hostname="DESKTOP-7PKH5IA" failures="0" tests="3" name="home_page validation" time="128.48" errors="0" timestamp="2023-04-08T11:35:48 IST">
  <testcase classname="com.qspiders.trello.genericutility.End_to_End_BaseClass" name="@BeforeMethod driver_execution" time="128.077">
    <failure type="org.openqa.selenium.TimeoutException" message="Expected condition failed: waiting for title to be &amp;quot;Log in to Trello&amp;quot;. Current title: &amp;quot;trello.com&amp;quot; (tried for 5 second(s) with 500 milliseconds interval)
Build info: version: &amp;apos;4.8.0&amp;apos;, revision: &amp;apos;267030adea&amp;apos;
System info: os.name: &amp;apos;Windows 10&amp;apos;, os.arch: &amp;apos;amd64&amp;apos;, os.version: &amp;apos;10.0&amp;apos;, java.version: &amp;apos;18&amp;apos;
Driver info: org.openqa.selenium.chrome.ChromeDriver
Capabilities {acceptInsecureCerts: false, browserName: chrome, browserVersion: 111.0.5563.147, chrome: {chromedriverVersion: 111.0.5563.64 (c710e93d5b63..., userDataDir: C:\Users\DELL\AppData\Local...}, goog:chromeOptions: {debuggerAddress: localhost:63795}, networkConnectionEnabled: false, pageLoadStrategy: normal, platformName: WINDOWS, proxy: Proxy(), se:cdp: ws://localhost:63795/devtoo..., se:cdpVersion: 111.0.5563.147, setWindowRect: true, strictFileInteractability: false, timeouts: {implicit: 0, pageLoad: 300000, script: 30000}, unhandledPromptBehavior: dismiss and notify, webauthn:extension:credBlob: true, webauthn:extension:largeBlob: true, webauthn:extension:minPinLength: true, webauthn:extension:prf: true, webauthn:virtualAuthenticators: true}
Session ID: 6e146716280d827f9af2c85e42ca9e70">
      <![CDATA[org.openqa.selenium.TimeoutException: Expected condition failed: waiting for title to be "Log in to Trello". Current title: "trello.com" (tried for 5 second(s) with 500 milliseconds interval)
Build info: version: '4.8.0', revision: '267030adea'
System info: os.name: 'Windows 10', os.arch: 'amd64', os.version: '10.0', java.version: '18'
Driver info: org.openqa.selenium.chrome.ChromeDriver
Capabilities {acceptInsecureCerts: false, browserName: chrome, browserVersion: 111.0.5563.147, chrome: {chromedriverVersion: 111.0.5563.64 (c710e93d5b63..., userDataDir: C:\Users\DELL\AppData\Local...}, goog:chromeOptions: {debuggerAddress: localhost:63795}, networkConnectionEnabled: false, pageLoadStrategy: normal, platformName: WINDOWS, proxy: Proxy(), se:cdp: ws://localhost:63795/devtoo..., se:cdpVersion: 111.0.5563.147, setWindowRect: true, strictFileInteractability: false, timeouts: {implicit: 0, pageLoad: 300000, script: 30000}, unhandledPromptBehavior: dismiss and notify, webauthn:extension:credBlob: true, webauthn:extension:largeBlob: true, webauthn:extension:minPinLength: true, webauthn:extension:prf: true, webauthn:virtualAuthenticators: true}
Session ID: 6e146716280d827f9af2c85e42ca9e70
at org.openqa.selenium.support.ui.WebDriverWait.timeoutException(WebDriverWait.java:87)
at org.openqa.selenium.support.ui.FluentWait.until(FluentWait.java:231)
at com.qspiders.trello.genericutility.WebDriverUtility.verifyCompleteTitle(WebDriverUtility.java:28)
at com.qspiders.trello.genericutility.End_to_End_BaseClass.driver_execution(End_to_End_BaseClass.java:59)
at java.base/java.util.ArrayList.forEach(ArrayList.java:1511)
... Removed 29 stack frames]]>
    </failure>
  </testcase> <!-- @BeforeMethod driver_execution -->
  <testcase classname="com.qspiders.trello.genericutility.End_to_End_BaseClass" name="@AfterMethod driver_terminate" time="0.0">
    <skipped/>
  </testcase> <!-- @AfterMethod driver_terminate -->
  <testcase classname="com.qspiders.trello.genericutility.End_to_End_BaseClass" name="@BeforeMethod driver_execution" time="0.0">
    <skipped/>
  </testcase> <!-- @BeforeMethod driver_execution -->
  <testcase classname="com.qspiders.trello.genericutility.End_to_End_BaseClass" name="@AfterMethod driver_terminate" time="0.0">
    <skipped/>
  </testcase> <!-- @AfterMethod driver_terminate -->
  <testcase classname="com.qspiders.trello.genericutility.End_to_End_BaseClass" name="@BeforeMethod driver_execution" time="0.0">
    <skipped/>
  </testcase> <!-- @BeforeMethod driver_execution -->
  <testcase classname="com.qspiders.trello.genericutility.End_to_End_BaseClass" name="@AfterMethod driver_terminate" time="0.0">
    <skipped/>
  </testcase> <!-- @AfterMethod driver_terminate -->
  <testcase classname="test_execution.Home_page" name="Smoke_test" time="0.0">
    <skipped/>
  </testcase> <!-- Smoke_test -->
  <testcase classname="test_execution.Home_page" name="TL_001_EndtoEnd" time="0.0">
    <skipped/>
  </testcase> <!-- TL_001_EndtoEnd -->
  <testcase classname="test_execution.Home_page" name="TL_002_EndtoEnd" time="0.0">
    <skipped/>
  </testcase> <!-- TL_002_EndtoEnd -->
</testsuite> <!-- home_page validation -->
